2024/05/28 08:37:19 [error] 22#22: *5 connect() failed (113: Host is unreachable) while connecting to upstream, client: 172.18.0.1, server: , request: "POST /api/auth/login HTTP/1.1", upstream: "fastcgi://172.18.0.3:9000", host: "127.0.0.1"
2024/05/28 08:37:49 [error] 23#23: *7 connect() failed (113: Host is unreachable) while connecting to upstream, client: 172.18.0.1, server: , request: "POST /api/auth/login HTTP/1.1", upstream: "fastcgi://172.18.0.3:9000", host: "0.0.0.0"
2024/05/28 08:38:29 [error] 20#20: *9 connect() failed (113: Host is unreachable) while connecting to upstream, client: 172.18.0.1, server: , request: "GET / HTTP/1.1", upstream: "fastcgi://172.18.0.3:9000", host: "0.0.0.0"
2024/05/28 08:41:37 [notice] 1#1: using the "epoll" event method
2024/05/28 08:41:37 [notice] 1#1: nginx/1.25.5
2024/05/28 08:41:37 [notice] 1#1: built by gcc 13.2.1 20231014 (Alpine 13.2.1_git20231014) 
2024/05/28 08:41:37 [notice] 1#1: OS: Linux 5.15.146.1-microsoft-standard-WSL2
2024/05/28 08:41:37 [notice] 1#1: getrlimit(RLIMIT_NOFILE): 1048576:1048576
2024/05/28 08:41:37 [notice] 1#1: start worker processes
2024/05/28 08:41:37 [notice] 1#1: start worker process 20
2024/05/28 08:41:37 [notice] 1#1: start worker process 21
2024/05/28 08:41:37 [notice] 1#1: start worker process 22
2024/05/28 08:41:37 [notice] 1#1: start worker process 23
2024/05/28 08:41:37 [notice] 1#1: start worker process 24
2024/05/28 08:41:37 [notice] 1#1: start worker process 25
2024/05/28 08:41:37 [notice] 1#1: start worker process 26
2024/05/28 08:41:37 [notice] 1#1: start worker process 27
2024/05/28 08:42:32 [error] 20#20: *1 connect() failed (113: Host is unreachable) while connecting to upstream, client: 172.18.0.1, server: , request: "POST /api/auth/login HTTP/1.1", upstream: "fastcgi://172.18.0.2:9000", host: "127.0.0.1"
2024/05/28 08:55:25 [notice] 1#1: signal 3 (SIGQUIT) received, shutting down
2024/05/28 08:55:25 [notice] 20#20: gracefully shutting down
2024/05/28 08:55:25 [notice] 27#27: gracefully shutting down
2024/05/28 08:55:25 [notice] 21#21: gracefully shutting down
2024/05/28 08:55:25 [notice] 27#27: exiting
2024/05/28 08:55:25 [notice] 24#24: gracefully shutting down
2024/05/28 08:55:25 [notice] 21#21: exiting
2024/05/28 08:55:25 [notice] 23#23: gracefully shutting down
2024/05/28 08:55:25 [notice] 22#22: gracefully shutting down
2024/05/28 08:55:25 [notice] 25#25: gracefully shutting down
2024/05/28 08:55:25 [notice] 26#26: gracefully shutting down
2024/05/28 08:55:25 [notice] 20#20: exiting
2024/05/28 08:55:25 [notice] 27#27: exit
2024/05/28 08:55:25 [notice] 24#24: exiting
2024/05/28 08:55:25 [notice] 21#21: exit
2024/05/28 08:55:25 [notice] 23#23: exiting
2024/05/28 08:55:25 [notice] 22#22: exiting
2024/05/28 08:55:25 [notice] 25#25: exiting
2024/05/28 08:55:25 [notice] 26#26: exiting
2024/05/28 08:55:25 [notice] 20#20: exit
2024/05/28 08:55:25 [notice] 24#24: exit
2024/05/28 08:55:25 [notice] 23#23: exit
2024/05/28 08:55:25 [notice] 22#22: exit
2024/05/28 08:55:25 [notice] 25#25: exit
2024/05/28 08:55:25 [notice] 26#26: exit
2024/05/28 08:55:25 [notice] 1#1: signal 17 (SIGCHLD) received from 20
2024/05/28 08:55:25 [notice] 1#1: worker process 20 exited with code 0
2024/05/28 08:55:25 [notice] 1#1: worker process 25 exited with code 0
2024/05/28 08:55:25 [notice] 1#1: signal 29 (SIGIO) received
2024/05/28 08:55:25 [notice] 1#1: signal 17 (SIGCHLD) received from 25
2024/05/28 08:55:25 [notice] 1#1: signal 17 (SIGCHLD) received from 24
2024/05/28 08:55:25 [notice] 1#1: worker process 23 exited with code 0
2024/05/28 08:55:25 [notice] 1#1: worker process 24 exited with code 0
2024/05/28 08:55:25 [notice] 1#1: worker process 26 exited with code 0
2024/05/28 08:55:25 [notice] 1#1: signal 29 (SIGIO) received
2024/05/28 08:55:25 [notice] 1#1: signal 17 (SIGCHLD) received from 21
2024/05/28 08:55:25 [notice] 1#1: worker process 21 exited with code 0
2024/05/28 08:55:25 [notice] 1#1: worker process 27 exited with code 0
2024/05/28 08:55:25 [notice] 1#1: signal 29 (SIGIO) received
2024/05/28 08:55:25 [notice] 1#1: signal 17 (SIGCHLD) received from 22
2024/05/28 08:55:25 [notice] 1#1: worker process 22 exited with code 0
2024/05/28 08:55:25 [notice] 1#1: exit
2024/05/28 09:39:09 [notice] 1#1: using the "epoll" event method
2024/05/28 09:39:09 [notice] 1#1: nginx/1.25.5
2024/05/28 09:39:09 [notice] 1#1: built by gcc 13.2.1 20231014 (Alpine 13.2.1_git20231014) 
2024/05/28 09:39:09 [notice] 1#1: OS: Linux 5.15.146.1-microsoft-standard-WSL2
2024/05/28 09:39:09 [notice] 1#1: getrlimit(RLIMIT_NOFILE): 1048576:1048576
2024/05/28 09:39:09 [notice] 1#1: start worker processes
2024/05/28 09:39:09 [notice] 1#1: start worker process 20
2024/05/28 09:39:09 [notice] 1#1: start worker process 21
2024/05/28 09:39:09 [notice] 1#1: start worker process 22
2024/05/28 09:39:09 [notice] 1#1: start worker process 23
2024/05/28 09:39:09 [notice] 1#1: start worker process 24
2024/05/28 09:39:09 [notice] 1#1: start worker process 25
2024/05/28 09:39:09 [notice] 1#1: start worker process 26
2024/05/28 09:39:09 [notice] 1#1: start worker process 27
